Arguments: 
  C:\Program Files\nodejs\node.exe C:\Users\aken1\AppData\Roaming\npm\node_modules\yarn\bin\yarn.js

PATH: 
  C:\Program Files\PowerShell\7;C:\WINDOWS\system32;C:\WINDOWS;C:\WINDOWS\System32\Wbem;C:\WINDOWS\System32\WindowsPowerShell\v1.0\;C:\WINDOWS\System32\OpenSSH\;D:\git\Git\cmd;C:\Program Files\PowerShell\7\;C:\Program Files\Git\cmd;C:\Program Files\nodejs\;C:\Users\aken1\AppData\Local\Microsoft\WindowsApps;;C:\Users\aken1\AppData\Local\Programs\Microsoft VS Code\bin;C:\Users\aken1\AppData\Roaming\npm

Yarn version: 
  1.22.17

Node version: 
  16.14.2

Platform: 
  win32 x64

Trace: 
  Error: getaddrinfo ENOTFOUND registry.npm.bg.huohua.cn
      at GetAddrInfoReqWrap.onlookup [as oncomplete] (node:dns:71:26)

npm manifest: 
  {
    "files": [
      "/dist"
    ],
    "scripts": {
      "build": "rollup --config ./rollup.config.js",
      "test": "cross-env TS_NODE_PROJECT='test/tsconfig.test.json' mocha -t 2000 test/**/**.test.ts",
      "cover": "nyc --reporter=html yarn run test"
    },
    "husky": {
      "hooks": {
        "pre-commit": "tsc --noEmit && yarn test"
      }
  },
    "devDependencies": {
      "@rollup/plugin-commonjs": "^21.0.2",
      "@rollup/plugin-typescript": "^8.3.1",
      "@types/chai": "^4.3.0",
      "@types/lodash": "^4.14.180",
      "@types/mocha": "^9.1.0",
      "@typescript-eslint/eslint-plugin": "^5.16.0",
      "@typescript-eslint/parser": "^5.16.0",
      "babel-preset-es2015": "^6.24.1",
      "babel-register": "^6.26.0",
      "chai": "^4.3.6",
      "core-decorators": "^0.20.0",
      "cross-env": "^7.0.3",
      "eslint": "^8.11.0",
      "eslint-config-prettier": "^8.5.0",
      "eslint-plugin-prettier": "^4.0.0",
      "husky": "^7.0.4",
      "lodash": "^4.17.21",
      "mocha": "^9.2.2",
      "nyc": "^15.1.0",
      "prettier": "^2.6.0",
      "rollup": "^2.70.1",
      "rollup-plugin-terser": "^7.0.2",
      "rollup-plugin-visualizer": "^5.6.0",
      "ts-node": "^10.7.0",
      "tsconfig-paths": "^3.14.0",
      "tslib": "^2.3.1",
      "typescript": "^4.6.2"
    },
    "mocha": {
      "require": [
        "ts-node/register",
        "tsconfig-paths/register",
        "babel-register"
      ]
    },
    "babel": {
      "presets": [
        "es2015"
      ]
    }
  }

yarn manifest: 
  No manifest

Lockfile: 
  No lockfile
